<?xml version="1.0" encoding="UTF-8"?>
<!-- Generated by org.testng.reporters.JUnitXMLReporter -->
<testsuite ignored="0" hostname="SHREE" failures="0" tests="4" name="Test" time="0.094" errors="0" timestamp="10 Jan 2024 07:47:02 GMT">
  <testcase classname="testCases.Test1" name="test_login" time="0.033"/>
  <testcase classname="testCases.Test2" name="test_search" time="0.003"/>
  <testcase classname="testCases.Test1" name="test_logout" time="0.004"/>
  <testcase classname="testCases.Test2" name="test_advSearch" time="0.002"/>
</testsuite> <!-- Test -->
