<?xml version="1.0" encoding="UTF-8"?>
<!-- Generated by org.testng.reporters.JUnitXMLReporter -->
<testsuite ignored="0" hostname="SHREE" failures="0" tests="4" name="Test" time="0.098" errors="0" timestamp="2024-01-10T13:23:07 IST">
  <testcase classname="testCases.Test1" name="test_login" time="0.01"/>
  <testcase classname="testCases.Test1" name="test_logout" time="0.001"/>
  <testcase classname="testCases.Test2" name="test_search" time="0.001"/>
  <testcase classname="testCases.Test2" name="test_advSearch" time="0.001"/>
</testsuite> <!-- Test -->
