<?xml version="1.0" encoding="UTF-8"?>
<testsuite xmlns:xsi="http://www.w3.org/2001/XMLSchema-instance" xsi:noNamespaceSchemaLocation="https://maven.apache.org/surefire/maven-surefire-plugin/xsd/surefire-test-report-3.0.xsd" version="3.0" name="TestSuite" time="1.172" tests="4" errors="0" skipped="0" failures="0">
  <properties>
[...]
</properties>
  <testcase name="test_login" classname="testCases.Test1" time="0.012">
    <system-out><![CDATA[Login Test Passed....
]]></system-out>
    <system-err><![CDATA[SLF4J: Failed to load class "org.slf4j.impl.StaticLoggerBinder".
SLF4J: Defaulting to no-operation (NOP) logger implementation
SLF4J: See http://www.slf4j.org/codes.html#StaticLoggerBinder for further details.
]]></system-err>
  </testcase>
  <testcase name="test_logout" classname="testCases.Test1" time="0.003">
    <system-out><![CDATA[Logout Test Passed....
]]></system-out>
  </testcase>
  <testcase name="test_search" classname="testCases.Test2" time="0.002">
    <system-out><![CDATA[Search Test Passed....
]]></system-out>
  </testcase>
  <testcase name="test_advSearch" classname="testCases.Test2" time="0.003">
    <system-out><![CDATA[Advanced search Test Passed....
]]></system-out>
  </testcase>
</testsuite>