<?xml version="1.0" encoding="UTF-8"?>
<testng-results ignored="0" total="4" passed="4" failed="0" skipped="0">
  <reporter-output>
  </reporter-output>
  <suite started-at="2024-01-10T13:23:07 IST" name="Suite" finished-at="2024-01-10T13:23:07 IST" duration-ms="98">
    <groups>
    </groups>
    <test started-at="2024-01-10T13:23:07 IST" name="Test" finished-at="2024-01-10T13:23:07 IST" duration-ms="98">
      <class name="testCases.Test2">
        <test-method signature="test_search()[pri:1, instance:testCases.Test2@793be5ca]" started-at="2024-01-10T13:23:07 IST" name="test_search" finished-at="2024-01-10T13:23:07 IST" duration-ms="1" status="PASS">
          <reporter-output>
          </reporter-output>
        </test-method> <!-- test_search -->
        <test-method signature="test_advSearch()[pri:2, instance:testCases.Test2@793be5ca]" started-at="2024-01-10T13:23:07 IST" name="test_advSearch" finished-at="2024-01-10T13:23:07 IST" duration-ms="1" status="PASS">
          <reporter-output>
          </reporter-output>
        </test-method> <!-- test_advSearch -->
      </class> <!-- testCases.Test2 -->
      <class name="testCases.Test1">
        <test-method signature="test_login()[pri:1, instance:testCases.Test1@5f9b2141]" started-at="2024-01-10T13:23:07 IST" name="test_login" finished-at="2024-01-10T13:23:07 IST" duration-ms="10" status="PASS">
          <reporter-output>
          </reporter-output>
        </test-method> <!-- test_login -->
        <test-method signature="test_logout()[pri:2, instance:testCases.Test1@5f9b2141]" started-at="2024-01-10T13:23:07 IST" name="test_logout" finished-at="2024-01-10T13:23:07 IST" duration-ms="1" status="PASS">
          <reporter-output>
          </reporter-output>
        </test-method> <!-- test_logout -->
      </class> <!-- testCases.Test1 -->
    </test> <!-- Test -->
  </suite> <!-- Suite -->
</testng-results>
